# timestamp | duration | file | instruction | dir | modtime | etag | size | fileId | status | errorString | http result code | other size | other modtime | other etag | other fileId | other instruction
#=#=#=# Syncrun started 2015-05-22T00:36:46 until 2015-05-22T00:45:32 (525620 msec)
07:36:47|352|.git|INST_NEW|Up|1432279441||4096||4||0|0|0|||INST_NONE|
07:36:47|537|.git/COMMIT_EDITMSG|INST_NEW|Up|1432279441||55||4||0|0|0|||INST_NONE|
07:36:48|576|.git/HEAD|INST_NEW|Up|1432098545||23||4||0|0|0|||INST_NONE|
07:36:48|395|.git/branches|INST_NEW|Up|1432098545||4096||4||0|0|0|||INST_NONE|
07:36:49|633|.git/config|INST_NEW|Up|1432104685||262||4||0|0|0|||INST_NONE|
07:36:49|804|.git/description|INST_NEW|Up|1432098545||73||4||0|0|0|||INST_NONE|
07:36:50|484|.git/hooks|INST_NEW|Up|1432098545||4096||4||0|0|0|||INST_NONE|
07:36:51|843|.git/hooks/applypatch-msg.sample|INST_NEW|Up|1432098545||452||4||0|0|0|||INST_NONE|
07:36:52|969|.git/hooks/commit-msg.sample|INST_NEW|Up|1432098545||896||4||0|0|0|||INST_NONE|
07:36:53|1107|.git/hooks/post-update.sample|INST_NEW|Up|1432098545||189||4||0|0|0|||INST_NONE|
07:36:54|1393|.git/hooks/pre-applypatch.sample|INST_NEW|Up|1432098545||398||4||0|0|0|||INST_NONE|
07:36:55|1448|.git/hooks/pre-commit.sample|INST_NEW|Up|1432098545||1642||4||0|0|0|||INST_NONE|
07:36:57|1511|.git/hooks/pre-push.sample|INST_NEW|Up|1432098545||1352||4||0|0|0|||INST_NONE|
07:36:58|1288|.git/hooks/pre-rebase.sample|INST_NEW|Up|1432098545||4898||4||0|0|0|||INST_NONE|
07:36:59|1072|.git/hooks/prepare-commit-msg.sample|INST_NEW|Up|1432098545||1239||4||0|0|0|||INST_NONE|
07:37:00|1042|.git/hooks/update.sample|INST_NEW|Up|1432098545||3611||4||0|0|0|||INST_NONE|
07:37:02|5805|.git/index|INST_NEW|Up|1432279440||856||4||0|0|0|||INST_NONE|
07:37:07|6206|.git/info|INST_NEW|Up|1432098545||4096||4||0|0|0|||INST_NONE|
07:37:13|11595|.git/info/exclude|INST_NEW|Up|1432098545||240||4||0|0|0|||INST_NONE|
07:37:25|2309|.git/logs|INST_NEW|Up|1432098566||4096||4||0|0|0|||INST_NONE|
07:37:27|1115|.git/logs/HEAD|INST_NEW|Up|1432279441||1566||4||0|0|0|||INST_NONE|
07:37:29|835|.git/logs/refs|INST_NEW|Up|1432098606||4096||4||0|0|0|||INST_NONE|
07:37:30|790|.git/logs/refs/heads|INST_NEW|Up|1432098566||4096||4||0|0|0|||INST_NONE|
07:37:30|1345|.git/logs/refs/heads/master|INST_NEW|Up|1432279441||1566||4||0|0|0|||INST_NONE|
07:37:32|805|.git/logs/refs/remotes|INST_NEW|Up|1432098606||4096||4||0|0|0|||INST_NONE|
07:37:32|684|.git/logs/refs/remotes/origin|INST_NEW|Up|1432098606||4096||4||0|0|0|||INST_NONE|
07:37:33|1249|.git/logs/refs/remotes/origin/master|INST_NEW|Up|1432104685||1278||4||0|0|0|||INST_NONE|
07:37:34|5661|.git/objects|INST_NEW|Up|1432279441||4096||4||0|0|0|||INST_NONE|
07:37:40|990|.git/objects/02|INST_NEW|Up|1432279435||4096||4||0|0|0|||INST_NONE|
07:37:41|794|.git/objects/02/f4c9a1a0bed727f98cc06ecddaabd582c5dde3|INST_NEW|Up|1432279435||772||4||0|0|0|||INST_NONE|
07:37:42|506|.git/objects/08|INST_NEW|Up|1432099151||4096||4||0|0|0|||INST_NONE|
07:37:42|1083|.git/objects/08/382abf9a05b9377a3e92da2473ce7bd4adbe14|INST_NEW|Up|1432099151||148||4||0|0|0|||INST_NONE|
07:37:43|2273|.git/objects/0f|INST_NEW|Up|1432098738||4096||4||0|0|0|||INST_NONE|
07:37:46|10145|.git/objects/0f/261fa5c9815b33c3413ed66f9fcd11e1991f53|INST_NEW|Up|1432098738||205||4||0|0|0|||INST_NONE|
07:37:55|1835|.git/objects/13|INST_NEW|Up|1432098900||4096||4||0|0|0|||INST_NONE|
07:37:57|1573|.git/objects/13/741a877a42fdca1fd520f80166e254aab9d6dd|INST_NEW|Up|1432098900||148||4||0|0|0|||INST_NONE|
07:37:59|2825|.git/objects/15|INST_NEW|Up|1432100531||4096||4||0|0|0|||INST_NONE|
07:38:02|2525|.git/objects/15/11892cbfc861d06ca70019b70df1539744e08f|INST_NEW|Up|1432100531||740||4||0|0|0|||INST_NONE|
07:38:05|849|.git/objects/1e|INST_NEW|Up|1432100547||4096||4||0|0|0|||INST_NONE|
07:38:05|809|.git/objects/1e/402c085709549b4f6aa04d2dca3cba2807d1af|INST_NEW|Up|1432100547||167||4||0|0|0|||INST_NONE|
07:38:06|278|.git/objects/34|INST_NEW|Up|1432279435||4096||4||0|0|0|||INST_NONE|
07:38:07|1352|.git/objects/34/875a51ce22c3625d543de1ca135ed834ef3a53|INST_NEW|Up|1432279435||712||4||0|0|0|||INST_NONE|
07:38:08|789|.git/objects/3e|INST_NEW|Up|1432098738||4096||4||0|0|0|||INST_NONE|
07:38:08|6174|.git/objects/3e/a56f92928d5bb3b43e0e8341f29ad513d9d32e|INST_NEW|Up|1432098738||146||4||0|0|0|||INST_NONE|
07:38:15|538|.git/objects/42|INST_NEW|Up|1432099149||4096||4||0|0|0|||INST_NONE|
07:38:15|955|.git/objects/42/0d1fef1e0778491f114cc1c783ba4e9ef28566|INST_NEW|Up|1432099149||1129||4||0|0|0|||INST_NONE|
07:38:16|5298|.git/objects/45|INST_NEW|Up|1432101022||4096||4||0|0|0|||INST_NONE|
07:38:22|2238|.git/objects/45/cc7ef2cf197e75270d61b4412162305975ca0c|INST_NEW|Up|1432101022||165||4||0|0|0|||INST_NONE|
07:38:24|4685|.git/objects/47|INST_NEW|Up|1432098566||4096||4||0|0|0|||INST_NONE|
07:38:28|2176|.git/objects/47/bd568750911c1be0f62d8734c9eca80291d80d|INST_NEW|Up|1432098566||119||4||0|0|0|||INST_NONE|
07:38:31|780|.git/objects/4a|INST_NEW|Up|1432099214||4096||4||0|0|0|||INST_NONE|
07:38:31|6055|.git/objects/4a/9e69c9ac8e480b234f4c4a40b1e3951c841010|INST_NEW|Up|1432099151||312||4||0|0|0|||INST_NONE|
07:38:37|633|.git/objects/4a/d01de766d0e15f121414455005bfacedcd8865|INST_NEW|Up|1432099214||149||4||0|0|0|||INST_NONE|
07:38:38|466|.git/objects/4c|INST_NEW|Up|1432098691||4096||4||0|0|0|||INST_NONE|
07:38:38|9600|.git/objects/4c/45471093b2e12bfe4493b5cf4c483452c38c6e|INST_NEW|Up|1432098691||556355||4||0|0|0|||INST_NONE|
07:38:48|2477|.git/objects/51|INST_NEW|Up|1432101009||4096||4||0|0|0|||INST_NONE|
07:38:50|3805|.git/objects/51/03ec62994d698b5850da4a5730a0acb8ad110e|INST_NEW|Up|1432098900||284||4||0|0|0|||INST_NONE|
07:38:54|12477|.git/objects/51/293d0db3c3664bf7c7fe62472172f666180e5a|INST_NEW|Up|1432101009||2983475||4||0|0|0|||INST_NONE|
07:39:07|267|.git/objects/52|INST_NEW|Up|1432098738||4096||4||0|0|0|||INST_NONE|
07:39:07|1332|.git/objects/52/263c379b10b30db46e2278b78732e0d7493cb6|INST_NEW|Up|1432098738||284||4||0|0|0|||INST_NONE|
07:39:09|1113|.git/objects/58|INST_NEW|Up|1432104671||4096||4||0|0|0|||INST_NONE|
07:39:10|1147|.git/objects/58/30b7f024e51735a10e82ec1f7300162d0a38b3|INST_NEW|Up|1432104671||171||4||0|0|0|||INST_NONE|
07:39:11|1251|.git/objects/58/f06dcebbdd04d6e604ba23c1147d7f4869b5b5|INST_NEW|Up|1432100770||256||4||0|0|0|||INST_NONE|
07:39:12|714|.git/objects/5b|INST_NEW|Up|1432279440||4096||4||0|0|0|||INST_NONE|
|0|.git/objects/5b/e82ac813287799b50d06d9148fa04fce7927aa|INST_NEW|Up|1432279440||58428025||2|The server did not acknowledge the last chunk. (No e-tag were present)|0|0|0|||INST_NONE|
07:41:13|4220|.git/objects/60|INST_NEW|Up|1432100765||4096||4||0|0|0|||INST_NONE|
07:41:17|4987|.git/objects/60/55480d4b4089db6a624ce365d281aac4fb5842|INST_NEW|Up|1432100765||662||4||0|0|0|||INST_NONE|
07:41:22|1501|.git/objects/6c|INST_NEW|Up|1432104670||4096||4||0|0|0|||INST_NONE|
07:41:24|1253|.git/objects/6c/b6f1e66cd75877084e95d357054d50d4b8a07a|INST_NEW|Up|1432104670||602||4||0|0|0|||INST_NONE|
07:41:25|729|.git/objects/6e|INST_NEW|Up|1432279441||4096||4||0|0|0|||INST_NONE|
07:41:26|1241|.git/objects/6e/7c0878de9fc7bea837681ceea445ef4657c968|INST_NEW|Up|1432279441||180||4||0|0|0|||INST_NONE|
07:41:27|4547|.git/objects/71|INST_NEW|Up|1432104670||4096||4||0|0|0|||INST_NONE|
07:41:32|839|.git/objects/71/80ec3ea6b42e0847545a4636eb55baf101aaf8|INST_NEW|Up|1432104670||723||4||0|0|0|||INST_NONE|
07:41:33|5856|.git/objects/72|INST_NEW|Up|1432099149||4096||4||0|0|0|||INST_NONE|
07:41:38|5516|.git/objects/72/e5759958ac9a308c7b82b38f40a318c59b90a0|INST_NEW|Up|1432099149||300||4||0|0|0|||INST_NONE|
07:41:44|2071|.git/objects/74|INST_NEW|Up|1432098889||4096||4||0|0|0|||INST_NONE|
07:41:46|1553|.git/objects/74/d48b6a09038218ad04d729e79738ccf325645c|INST_NEW|Up|1432098889||106||4||0|0|0|||INST_NONE|
07:41:47|1752|.git/objects/76|INST_NEW|Up|1432279440||4096||4||0|0|0|||INST_NONE|
07:41:49|4304|.git/objects/76/efa429e3e30b5f356e80fc78e11ce259055dac|INST_NEW|Up|1432279440||160||4||0|0|0|||INST_NONE|
07:41:53|1994|.git/objects/80|INST_NEW|Up|1432100547||4096||4||0|0|0|||INST_NONE|
07:41:55|2534|.git/objects/80/f89cea8eac39da1926d59c035b740f5bb66fc4|INST_NEW|Up|1432100547||284||4||0|0|0|||INST_NONE|
07:41:58|2342|.git/objects/90|INST_NEW|Up|1432098551||4096||4||0|0|0|||INST_NONE|
07:42:01|3801|.git/objects/90/b8b07cac1fd887722dee379d890b1e5454e26c|INST_NEW|Up|1432098551||23||4||0|0|0|||INST_NONE|
07:42:04|800|.git/objects/98|INST_NEW|Up|1432279441||4096||4||0|0|0|||INST_NONE|
07:42:05|6154|.git/objects/98/3e68e3d3c1637bf393ae7297689d23d3a393d8|INST_NEW|Up|1432100770||164||4||0|0|0|||INST_NONE|
07:42:11|4857|.git/objects/98/450f0cebe59778570c50756fad5e21bcd73dd1|INST_NEW|Up|1432279441||346||4||0|0|0|||INST_NONE|
07:42:16|3867|.git/objects/98/a267ff61c4eb9276027aa081be975c9a7d67d5|INST_NEW|Up|1432098691||44281||4||0|0|0|||INST_NONE|
07:42:20|1017|.git/objects/9c|INST_NEW|Up|1432098691||4096||4||0|0|0|||INST_NONE|
07:42:21|497|.git/objects/9c/85dd861ebe8e545150560af4e164d87fbaa6c8|INST_NEW|Up|1432098691||777||4||0|0|0|||INST_NONE|
07:42:21|1966|.git/objects/a8|INST_NEW|Up|1432101009||4096||4||0|0|0|||INST_NONE|
07:42:23|3463|.git/objects/a8/573accfcf406368f6a7b2d7b935eef556f341f|INST_NEW|Up|1432101009||669||4||0|0|0|||INST_NONE|
07:42:27|313|.git/objects/ad|INST_NEW|Up|1432099214||4096||4||0|0|0|||INST_NONE|
07:42:27|488|.git/objects/ad/e0d0da59bda6d25b07095fce018b6d46149831|INST_NEW|Up|1432099214||284||4||0|0|0|||INST_NONE|
07:42:27|2038|.git/objects/ae|INST_NEW|Up|1432098691||4096||4||0|0|0|||INST_NONE|
07:42:30|3323|.git/objects/ae/7583cfd62b8348ec9350ac599046685c939fad|INST_NEW|Up|1432098691||1368||4||0|0|0|||INST_NONE|
07:42:33|612|.git/objects/b2|INST_NEW|Up|1432098691||4096||4||0|0|0|||INST_NONE|
07:42:34|9995|.git/objects/b2/8366bcd23117757fc6388f09c9f5a4a986d94c|INST_NEW|Up|1432098691||556403||4||0|0|0|||INST_NONE|
07:42:43|1610|.git/objects/b6|INST_NEW|Up|1432098691||4096||4||0|0|0|||INST_NONE|
07:42:45|9695|.git/objects/b6/6717afc8f2474e9469e57dde0c3657bdacc748|INST_NEW|Up|1432098691||554515||4||0|0|0|||INST_NONE|
07:42:55|1851|.git/objects/bb|INST_NEW|Up|1432101010||4096||4||0|0|0|||INST_NONE|
07:43:27|56846|.git/objects/bb/51e197f76fb746f276e0196472b7fe09717531|INST_NEW|Up|1432101010||5573089||4||0|0|0|||INST_NONE|
07:43:38|2358|.git/objects/bf|INST_NEW|Up|1432098691||4096||4||0|0|0|||INST_NONE|
07:43:40|8916|.git/objects/bf/3d60dd95b90b8face03a28265e8398eae9eb4b|INST_NEW|Up|1432098691||554477||4||0|0|0|||INST_NONE|
07:43:48|5291|.git/objects/ce|INST_NEW|Up|1432101022||4096||4||0|0|0|||INST_NONE|
07:43:54|416|.git/objects/ce/25373343b12d7dc31e59863595489e3b67e365|INST_NEW|Up|1432101022||255||4||0|0|0|||INST_NONE|
07:43:53|1341|.git/objects/d6|INST_NEW|Up|1432104671||4096||4||0|0|0|||INST_NONE|
07:43:55|1273|.git/objects/d6/080b227a3df7b08bd5ae756c236a14e412e4ba|INST_NEW|Up|1432104671||282||4||0|0|0|||INST_NONE|
07:43:55|1460|.git/objects/d6/d7511f06b99a60338c2c58a00b1db125eb0b0e|INST_NEW|Up|1432098738||284||4||0|0|0|||INST_NONE|
07:43:55|692|.git/objects/e2|INST_NEW|Up|1432098566||4096||4||0|0|0|||INST_NONE|
07:43:57|1327|.git/objects/e2/dada8d217ed5e836395fc2f03e18a75b1e4d79|INST_NEW|Up|1432098566||54||4||0|0|0|||INST_NONE|
07:43:57|897|.git/objects/info|INST_NEW|Up|1432098545||4096||4||0|0|0|||INST_NONE|
07:43:58|789|.git/objects/pack|INST_NEW|Up|1432098545||4096||4||0|0|0|||INST_NONE|
07:43:58|782|.git/refs|INST_NEW|Up|1432098606||4096||4||0|0|0|||INST_NONE|
07:43:59|798|.git/refs/heads|INST_NEW|Up|1432279441||4096||4||0|0|0|||INST_NONE|
07:43:59|1280|.git/refs/heads/master|INST_NEW|Up|1432279441||41||4||0|0|0|||INST_NONE|
07:44:00|794|.git/refs/remotes|INST_NEW|Up|1432098606||4096||4||0|0|0|||INST_NONE|
07:44:00|653|.git/refs/remotes/origin|INST_NEW|Up|1432104685||4096||4||0|0|0|||INST_NONE|
07:44:01|1338|.git/refs/remotes/origin/master|INST_NEW|Up|1432104685||41||4||0|0|0|||INST_NONE|
07:44:01|1830|.git/refs/tags|INST_NEW|Up|1432098545||4096||4||0|0|0|||INST_NONE|
|0|Output.txt|INST_NEW|Up|1432279395||119544773||2|Error downloading http://sepasicloud.com/owncloud/remote.php/webdav/lda/Output.txt-chunking-951252534-23-22 - server replied: Internal Server Error|0|0|0|||INST_NONE|
07:43:59|1380|README.md|INST_NEW|Up|1432098885||121||4||0|0|0|||INST_NONE|
07:44:10|9044|extract.py|INST_NEW|Up|1432279369||221||4||0|0|0|||INST_NONE|
07:44:10|8028|lda.py|INST_NEW|Up|1432276638||1564||4||0|0|0|||INST_NONE|
07:44:10|358|lda2.py|INST_NEW|Up|1432279840||1358||4||0|0|0|||INST_NONE|
07:44:11|427|lda3.py|INST_NEW|Up|1432099144||2835||4||0|0|0|||INST_NONE|
07:44:11|1185|vocab.txt|INST_NEW|Up|1431939261||85532||4||0|0|0|||INST_NONE|
